Command line:
   Module_FrequencyDivider_isim_beh.exe
     -simmode  gui
     -simrunnum  0
     -socket  42043

Wed Apr 11 12:33:48 2018


 Elaboration Time: 0.01 sec

 Current Memory Usage: 199.508 Meg

 Total Signals          : 15
 Total Nets             : 45
 Total Signal Drivers   : 6
 Total Blocks           : 2
 Total Primitive Blocks : 2
 Total Processes        : 8
 Total Traceable Variables  : 20
 Total Scalar Nets and Variables : 156
Total Line Count : 19

 Total Simulation Time: 0.06 sec

 Current Memory Usage: 274.481 Meg

Wed Apr 11 12:35:47 2018

