#:C9     
#Xilinx FPGA Editor Command Log File
#Editor Version:
#:V   NT M2.1 P.20131013
#Current Working Directory:
#:D   Z:\Core
#Date/Time:
#:T   Sun Apr 15 18:57:45 2018
#------------------------------
	#Reading Controller.ncd...
	#Loading device for application Rf_Device from file '3s700a.nph' in environment C:\Xilinx\14.7\ISE_DS\ISE\.
	#   "Controller" is an NCD, version 3.2, device xc3s700an, package fgg484, speed -4
	#Design creation date: 2018.04.15.16.54.41
	#Building chip graphics...
	#Loading speed info...
	#1
setattr main edit-mode no-logic-changes
	#2
select -k comp 'BTN_SOUTH'
	#3
unselect comp 'BTN_SOUTH'
	#4
select -k comp 'VGASync/out_rows_not0001'
	#5
unselect comp 'VGASync/out_rows_not0001'
	#6
select -k comp 'BTN_EAST'
	#7
unselect comp 'BTN_EAST'
	#8
select -k comp 'CLK_50M'
	#9
unselect comp 'CLK_50M'
	#10
select -k comp 'CLK_50M_BUFGP/BUFG'
