Running: fuse.exe -relaunch -intstyle "ise" -incremental -lib "unisims_ver" -lib "unimacro_ver" -lib "xilinxcorelib_ver" -o "Z:/Core/Project_LabAdvEl/Core/ge_test_isim_beh.exe" -prj "Z:/Core/Project_LabAdvEl/Core/ge_test_beh.prj" "work.ge_test" "work.glbl" 
ISim P.20131013 (signature 0x7708f090)
Number of CPUs detected in this system: 4
Turning on mult-threading, number of parallel sub-compilation jobs: 8 
Determining compilation order of HDL files
Analyzing Verilog file "Z:/Core/Project_LabAdvEl/Core/pos_to_quadrant.v" into library work
Analyzing Verilog file "Z:/Core/Project_LabAdvEl/Core/cellMemory.v" into library work
Analyzing Verilog file "Z:/Core/Project_LabAdvEl/Core/GridEngine.v" into library work
Analyzing Verilog file "Z:/Core/Project_LabAdvEl/Core/ge_test.v" into library work
Analyzing Verilog file "C:/Xilinx/14.7/ISE_DS/ISE//verilog/src/glbl.v" into library work
Starting static elaboration
Completed static elaboration
Compiling module pos_to_quadrant
Compiling module cell_io
Compiling module GridEngine
Compiling module ge_test
Compiling module glbl
Time Resolution for simulation is 1ps.
Waiting for 1 sub-compilation(s) to finish...
Compiled 5 Verilog Units
Built simulation executable Z:/Core/Project_LabAdvEl/Core/ge_test_isim_beh.exe
Fuse Memory Usage: 36188 KB
Fuse CPU Usage: 1980 ms
