ISim log file
Running: /media/Scratch/Project_LabAdvEl/Core/GeTest_isim_beh.exe -intstyle ise -gui -tclbatch isim.cmd -wdb /media/Scratch/Project_LabAdvEl/Core/GeTest_isim_beh.wdb 
ISim P.20131013 (signature 0xfbc00daa)
WARNING: A WEBPACK license was found.
WARNING: Please use Xilinx License Configuration Manager to check out a full ISim license.
WARNING: ISim will run in Lite mode. Please refer to the ISim documentation for more information on the differences between the Lite and the Full version.
This is a Lite version of ISim.
Time resolution is 1 ps
# onerror resume
# wave add /
# run 1000 ns
Simulator is doing circuit initialization process.
Finished circuit initialization process.
# isim force add /GeTest/clk_25M_in 1 -radix bin -value 0 -radix bin -time 10 ns -repeat 20 ns
# isim force add /GeTest/clk_25M_in 1 -radix bin -value 0 -radix bin -time 10 ns -repeat 20 ns
# isim force add /GeTest/clk_in 1 -radix bin -value 0 -radix bin -time 40 ns -repeat 80 ns
# isim force add /GeTest/clk_in 1 -radix bin -value 0 -radix bin -time 40 ns -repeat 80 ns
# run all
Stopped at time : 32200 ns : File "/media/Scratch/Project_LabAdvEl/Core/GridEngine.v" Line 486
# isim force add /GeTest/uut/mouse_pos_x 600 -radix unsigned
# isim force add /GeTest/uut/mouse_pos_x 600 -radix unsigned
# run 1.00us
Stopped at time : 32280 ns : File "/media/Scratch/Project_LabAdvEl/Core/GridEngine.v" Line 486
# run all
Stopped at time : 32360 ns : File "/media/Scratch/Project_LabAdvEl/Core/GridEngine.v" Line 486
# run all
Stopped at time : 32440 ns : File "/media/Scratch/Project_LabAdvEl/Core/GridEngine.v" Line 486
# run all
Stopped at time : 32520 ns : File "/media/Scratch/Project_LabAdvEl/Core/GridEngine.v" Line 486
# run all
Stopped at time : 32600 ns : File "/media/Scratch/Project_LabAdvEl/Core/GridEngine.v" Line 486
# isim force add /GeTest/uut/mouse_pos_x 0 -radix unsigned
# isim force add /GeTest/uut/mouse_pos_x 0 -radix unsigned
# isim force add /GeTest/uut/mouse_pos_y 410 -radix unsigned
# run all
Stopped at time : 32680 ns : File "/media/Scratch/Project_LabAdvEl/Core/GridEngine.v" Line 486
# run all
Stopped at time : 32760 ns : File "/media/Scratch/Project_LabAdvEl/Core/GridEngine.v" Line 486
# run all
Stopped at time : 32840 ns : File "/media/Scratch/Project_LabAdvEl/Core/GridEngine.v" Line 486
# run all
Stopped at time : 32920 ns : File "/media/Scratch/Project_LabAdvEl/Core/GridEngine.v" Line 486
# run all
Stopped at time : 33 us : File "/media/Scratch/Project_LabAdvEl/Core/GridEngine.v" Line 486
# isim force add /GeTest/uut/mouse_pos_y 460 -radix unsigned
# isim force add /GeTest/uut/mouse_pos_y 460 -radix unsigned
# run all
Stopped at time : 33080 ns : File "/media/Scratch/Project_LabAdvEl/Core/GridEngine.v" Line 486
# run all
Stopped at time : 33160 ns : File "/media/Scratch/Project_LabAdvEl/Core/GridEngine.v" Line 486
# run all
Stopped at time : 33240 ns : File "/media/Scratch/Project_LabAdvEl/Core/GridEngine.v" Line 486
# run all
Stopped at time : 33320 ns : File "/media/Scratch/Project_LabAdvEl/Core/GridEngine.v" Line 486
# run all
Stopped at time : 33400 ns : File "/media/Scratch/Project_LabAdvEl/Core/GridEngine.v" Line 486
# step
Stopped at time : 33400 ns : File "/media/Scratch/Project_LabAdvEl/Core/GridEngine.v" Line 487
# step
Stopped at time : 33400 ns : File "/media/Scratch/Project_LabAdvEl/Core/GridEngine.v" Line 492
# step
Stopped at time : 33400 ns : File "/media/Scratch/Project_LabAdvEl/Core/GridEngine.v" Line 497
# step
Stopped at time : 33400 ns : File "/media/Scratch/Project_LabAdvEl/Core/GridEngine.v" Line 498
# step
Stopped at time : 33400 ns : File "/media/Scratch/Project_LabAdvEl/Core/GridEngine.v" Line 525
# step
Stopped at time : 33400 ns : File "/media/Scratch/Project_LabAdvEl/Core/GridEngine.v" Line 526
# step
Stopped at time : 33400 ns : File "/media/Scratch/Project_LabAdvEl/Core/GridEngine.v" Line 527
# step
Stopped at time : 33400 ns : File "/media/Scratch/Project_LabAdvEl/Core/GridEngine.v" Line 580
# run 1.00us
Stopped at time : 33480 ns : File "/media/Scratch/Project_LabAdvEl/Core/GridEngine.v" Line 486
# run 1.00us
Stopped at time : 33560 ns : File "/media/Scratch/Project_LabAdvEl/Core/GridEngine.v" Line 486
# run 1.00us
Stopped at time : 33640 ns : File "/media/Scratch/Project_LabAdvEl/Core/GridEngine.v" Line 486
# run 1.00us
Stopped at time : 33720 ns : File "/media/Scratch/Project_LabAdvEl/Core/GridEngine.v" Line 486
# run 1.00us
Stopped at time : 33800 ns : File "/media/Scratch/Project_LabAdvEl/Core/GridEngine.v" Line 486
# run 1.00us
Stopped at time : 33880 ns : File "/media/Scratch/Project_LabAdvEl/Core/GridEngine.v" Line 486
# run 1.00us
Stopped at time : 33960 ns : File "/media/Scratch/Project_LabAdvEl/Core/GridEngine.v" Line 486
# run 1.00us
Stopped at time : 34040 ns : File "/media/Scratch/Project_LabAdvEl/Core/GridEngine.v" Line 486
# run 1.00us
Stopped at time : 34120 ns : File "/media/Scratch/Project_LabAdvEl/Core/GridEngine.v" Line 486
# run 1.00us
Stopped at time : 34200 ns : File "/media/Scratch/Project_LabAdvEl/Core/GridEngine.v" Line 486
# run 1.00us
Stopped at time : 34280 ns : File "/media/Scratch/Project_LabAdvEl/Core/GridEngine.v" Line 486
# run 1.00us
Stopped at time : 34360 ns : File "/media/Scratch/Project_LabAdvEl/Core/GridEngine.v" Line 486
# isim force add /GeTest/mouse_click 11 -radix bin
# isim force add /GeTest/mouse_click 11 -radix bin
# step
Stopped at time : 34360 ns : File "/media/Scratch/Project_LabAdvEl/Core/GridEngine.v" Line 487
# step
Stopped at time : 34360 ns : File "/media/Scratch/Project_LabAdvEl/Core/GridEngine.v" Line 492
# step
Stopped at time : 34360 ns : File "/media/Scratch/Project_LabAdvEl/Core/GridEngine.v" Line 497
# step
Stopped at time : 34360 ns : File "/media/Scratch/Project_LabAdvEl/Core/GridEngine.v" Line 498
# step
Stopped at time : 34360 ns : File "/media/Scratch/Project_LabAdvEl/Core/GridEngine.v" Line 525
# step
Stopped at time : 34360 ns : File "/media/Scratch/Project_LabAdvEl/Core/GridEngine.v" Line 526
# step
Stopped at time : 34360 ns : File "/media/Scratch/Project_LabAdvEl/Core/GridEngine.v" Line 527
# step
Stopped at time : 34360 ns : File "/media/Scratch/Project_LabAdvEl/Core/GridEngine.v" Line 580
# step
Stopped at time : 34360 ns : File "/media/Scratch/Project_LabAdvEl/Core/GridEngine.v" Line 581
# step
Stopped at time : 34360 ns : File "/media/Scratch/Project_LabAdvEl/Core/GridEngine.v" Line 582
# step
Stopped at time : 34360 ns : File "/media/Scratch/Project_LabAdvEl/Core/GridEngine.v" Line 583
# step
Stopped at time : 34360 ns : File "/media/Scratch/Project_LabAdvEl/Core/GridEngine.v" Line 584
# step
Stopped at time : 34360 ns : File "/media/Scratch/Project_LabAdvEl/Core/GridEngine.v" Line 233
# run all
Stopped at time : 34440 ns : File "/media/Scratch/Project_LabAdvEl/Core/GridEngine.v" Line 486
# step
Stopped at time : 34440 ns : File "/media/Scratch/Project_LabAdvEl/Core/GridEngine.v" Line 487
# step
Stopped at time : 34440 ns : File "/media/Scratch/Project_LabAdvEl/Core/GridEngine.v" Line 488
# step
Stopped at time : 34440 ns : File "/media/Scratch/Project_LabAdvEl/Core/GridEngine.v" Line 489
# step
Stopped at time : 34440 ns : File "/media/Scratch/Project_LabAdvEl/Core/GridEngine.v" Line 490
# step
Stopped at time : 34440 ns : File "/media/Scratch/Project_LabAdvEl/Core/GridEngine.v" Line 233
# run all
Stopped at time : 34520 ns : File "/media/Scratch/Project_LabAdvEl/Core/GridEngine.v" Line 486
# step
Stopped at time : 34520 ns : File "/media/Scratch/Project_LabAdvEl/Core/GridEngine.v" Line 487
# step
Stopped at time : 34520 ns : File "/media/Scratch/Project_LabAdvEl/Core/GridEngine.v" Line 492
# step
Stopped at time : 34520 ns : File "/media/Scratch/Project_LabAdvEl/Core/GridEngine.v" Line 497
# step
Stopped at time : 34520 ns : File "/media/Scratch/Project_LabAdvEl/Core/GridEngine.v" Line 498
# step
Stopped at time : 34520 ns : File "/media/Scratch/Project_LabAdvEl/Core/GridEngine.v" Line 530
# step
Stopped at time : 34520 ns : File "/media/Scratch/Project_LabAdvEl/Core/GridEngine.v" Line 531
# step
Stopped at time : 34520 ns : File "/media/Scratch/Project_LabAdvEl/Core/GridEngine.v" Line 532
# step
Stopped at time : 34520 ns : File "/media/Scratch/Project_LabAdvEl/Core/GridEngine.v" Line 580
# step
Stopped at time : 34520 ns : File "/media/Scratch/Project_LabAdvEl/Core/GridEngine.v" Line 581
# step
Stopped at time : 34520 ns : File "/media/Scratch/Project_LabAdvEl/Core/GridEngine.v" Line 582
# step
Stopped at time : 34520 ns : File "/media/Scratch/Project_LabAdvEl/Core/GridEngine.v" Line 583
# step
Stopped at time : 34520 ns : File "/media/Scratch/Project_LabAdvEl/Core/GridEngine.v" Line 584
# step
Stopped at time : 34520 ns : File "/media/Scratch/Project_LabAdvEl/Core/GridEngine.v" Line 233
# step
Stopped at time : 34520 ns : File "/media/Scratch/Project_LabAdvEl/Core/pos_to_quadrant.v" Line 17
# run all
Stopped at time : 34600 ns : File "/media/Scratch/Project_LabAdvEl/Core/GridEngine.v" Line 486
# step
Stopped at time : 34600 ns : File "/media/Scratch/Project_LabAdvEl/Core/GridEngine.v" Line 487
# step
Stopped at time : 34600 ns : File "/media/Scratch/Project_LabAdvEl/Core/GridEngine.v" Line 492
# step
Stopped at time : 34600 ns : File "/media/Scratch/Project_LabAdvEl/Core/GridEngine.v" Line 493
# step
Stopped at time : 34600 ns : File "/media/Scratch/Project_LabAdvEl/Core/GridEngine.v" Line 494
# step
Stopped at time : 34600 ns : File "/media/Scratch/Project_LabAdvEl/Core/GridEngine.v" Line 233
# run all
Stopped at time : 34680 ns : File "/media/Scratch/Project_LabAdvEl/Core/GridEngine.v" Line 486
# step
Stopped at time : 34680 ns : File "/media/Scratch/Project_LabAdvEl/Core/GridEngine.v" Line 487
# step
Stopped at time : 34680 ns : File "/media/Scratch/Project_LabAdvEl/Core/GridEngine.v" Line 492
# step
Stopped at time : 34680 ns : File "/media/Scratch/Project_LabAdvEl/Core/GridEngine.v" Line 493
# step
Stopped at time : 34680 ns : File "/media/Scratch/Project_LabAdvEl/Core/GridEngine.v" Line 494
# step
Stopped at time : 34680 ns : File "/media/Scratch/Project_LabAdvEl/Core/GridEngine.v" Line 233
ISim P.20131013 (signature 0xfbc00daa)
WARNING: A WEBPACK license was found.
WARNING: Please use Xilinx License Configuration Manager to check out a full ISim license.
WARNING: ISim will run in Lite mode. Please refer to the ISim documentation for more information on the differences between the Lite and the Full version.
This is a Lite version of ISim.
# run 1000 ns
Simulator is doing circuit initialization process.
Finished circuit initialization process.
# run 1.00us
# run 1.00us
# run 1.00us
# run 1.00us
# run 1.00us
# run 1.00us
# run 1.00us
# run 1.00us
# isim force add /GeTest/clk_25M_in 1 -radix bin -value 0 -radix bin -time 500 ps -repeat 1 ns
# isim force add /GeTest/clk_25M_in 1 -radix bin -value 0 -radix bin -time 500 ps -repeat 1 ns
# isim force add /GeTest/clk_in 1 -radix bin -value 0 -radix bin -time 50 ns -repeat 100 ns
# isim force add /GeTest/clk_in 1 -radix bin -value 0 -radix bin -time 50 ns -repeat 100 ns
# isim force add /GeTest/mouse_pos_y 420 -radix unsigned
# isim force add /GeTest/mouse_pos_y 420 -radix unsigned
# run all
Stopped at time : 48 us : File "/media/Scratch/Project_LabAdvEl/Core/GridEngine.v" Line 486
# run all
Stopped at time : 48100 ns : File "/media/Scratch/Project_LabAdvEl/Core/GridEngine.v" Line 486
# run all
Stopped at time : 48200 ns : File "/media/Scratch/Project_LabAdvEl/Core/GridEngine.v" Line 486
# run all
Stopped at time : 48300 ns : File "/media/Scratch/Project_LabAdvEl/Core/GridEngine.v" Line 486
# isim force add /GeTest/mouse_click 01 -radix bin
# isim force add /GeTest/mouse_click 01 -radix bin
# run all
Stopped at time : 48400 ns : File "/media/Scratch/Project_LabAdvEl/Core/GridEngine.v" Line 486
# step
Stopped at time : 48400 ns : File "/media/Scratch/Project_LabAdvEl/Core/GridEngine.v" Line 487
# step
Stopped at time : 48400 ns : File "/media/Scratch/Project_LabAdvEl/Core/GridEngine.v" Line 488
# step
Stopped at time : 48400 ns : File "/media/Scratch/Project_LabAdvEl/Core/GridEngine.v" Line 489
# step
Stopped at time : 48400 ns : File "/media/Scratch/Project_LabAdvEl/Core/GridEngine.v" Line 490
# step
Stopped at time : 48400 ns : File "/media/Scratch/Project_LabAdvEl/Core/GridEngine.v" Line 491
# step
Stopped at time : 48400 ns : File "/media/Scratch/Project_LabAdvEl/Core/GridEngine.v" Line 492
# step
Stopped at time : 48400 ns : File "/media/Scratch/Project_LabAdvEl/Core/GridEngine.v" Line 233
# run all
Stopped at time : 48500 ns : File "/media/Scratch/Project_LabAdvEl/Core/GridEngine.v" Line 486
# run all
Stopped at time : 48600 ns : File "/media/Scratch/Project_LabAdvEl/Core/GridEngine.v" Line 486
# run all
Stopped at time : 48700 ns : File "/media/Scratch/Project_LabAdvEl/Core/GridEngine.v" Line 486
# run all
Stopped at time : 48800 ns : File "/media/Scratch/Project_LabAdvEl/Core/GridEngine.v" Line 486
# exit 0
