
****** PlanAhead v14.7 (64-bit)
  **** Build 321239 by xbuild on Fri Sep 27 19:24:36 MDT 2013
    ** Copyright 1986-1999, 2001-2013 Xilinx, Inc. All Rights Reserved.

INFO: [Common 17-78] Attempting to get a license: PlanAhead
INFO: [Common 17-290] Got license for PlanAhead
INFO: [Common 17-86] Your PlanAhead license expires in -629 day(s)
INFO: [Device 21-36] Loading parts and site information from /usr/LDSS/Xilinx/14.7/ISE_DS/PlanAhead/data/parts/arch.xml
Parsing RTL primitives file [/usr/LDSS/Xilinx/14.7/ISE_DS/PlanAhead/data/parts/xilinx/rtl/prims/rtl_prims.xml]
Finished parsing RTL primitives file [/usr/LDSS/Xilinx/14.7/ISE_DS/PlanAhead/data/parts/xilinx/rtl/prims/rtl_prims.xml]
start_gui
Failed to create the layout directory: '/home/enrico.pierobon/.Xilinx/PlanAhead/14.7/layouts/application'
source /media/Scratch/peadv/Project_LabAdvEl/Core/pa.fromNetlist.tcl
# create_project -name new -dir "/media/Scratch/peadv/Project_LabAdvEl/Core/planAhead_run_3" -part xc3s700anfgg484-4
INFO: [Common 17-41] Interrupt caught. Command should exit soon.
INFO: [Common 17-344] 'current_run' was cancelled
INFO: [Common 17-344] 'source' was cancelled
exit
ERROR: [Common 17-39] 'stop_gui' failed due to earlier errors.
INFO: [Common 17-206] Exiting PlanAhead at Tue May 22 12:31:09 2018...
INFO: [Common 17-83] Releasing license: PlanAhead
