Command line:
   Module_VGADriver_isim_beh.exe
     -simmode  gui
     -simrunnum  0
     -socket  44215

Mon Apr 16 16:34:47 2018


 Elaboration Time: 0.02 sec

 Current Memory Usage: 199.635 Meg

 Total Signals          : 25
 Total Nets             : 77
 Total Signal Drivers   : 8
 Total Blocks           : 3
 Total Primitive Blocks : 2
 Total Processes        : 11
 Total Traceable Variables  : 21
 Total Scalar Nets and Variables : 177
Total Line Count : 489

 Total Simulation Time: 0.07 sec

 Current Memory Usage: 274.608 Meg

Mon Apr 16 16:41:30 2018

